<?xml version="1.0" encoding="UTF-8"?>
<testsuite name="com.hyena.resdocsswagger.api.TestControllerTest" tests="1" skipped="0" failures="0" errors="0" timestamp="2023-01-17T12:54:32" hostname="baghyeonseoui-MacBookPro.local" time="0.586">
  <properties/>
  <testcase name="v1Test()" classname="com.hyena.resdocsswagger.api.TestControllerTest" time="0.586"/>
  <system-out><![CDATA[2023-01-17 21:54:32.402  INFO 73144 --- [    Test worker] .b.t.c.SpringBootTestContextBootstrapper : Neither @ContextConfiguration nor @ContextHierarchy found for test class [com.hyena.resdocsswagger.api.TestControllerTest], using SpringBootContextLoader
2023-01-17 21:54:32.402  INFO 73144 --- [    Test worker] o.s.t.c.support.AbstractContextLoader    : Could not detect default resource locations for test class [com.hyena.resdocsswagger.api.TestControllerTest]: no resource found for suffixes {-context.xml, Context.groovy}.
2023-01-17 21:54:32.403  INFO 73144 --- [    Test worker] t.c.s.AnnotationConfigContextLoaderUtils : Could not detect default configuration classes for test class [com.hyena.resdocsswagger.api.TestControllerTest]: TestControllerTest does not declare any static, non-private, non-final, nested classes annotated with @Configuration.
2023-01-17 21:54:32.413  INFO 73144 --- [    Test worker] .b.t.c.SpringBootTestContextBootstrapper : Found @SpringBootConfiguration com.hyena.resdocsswagger.ResdocsswaggerApplication for test class com.hyena.resdocsswagger.api.TestControllerTest
2023-01-17 21:54:32.414  INFO 73144 --- [    Test worker] .b.t.c.SpringBootTestContextBootstrapper : Loaded default TestExecutionListener class names from location [META-INF/spring.factories]: [org.springframework.boot.test.autoconfigure.restdocs.RestDocsTestExecutionListener, org.springframework.boot.test.autoconfigure.web.client.MockRestServiceServerResetTestExecutionListener, org.springframework.boot.test.autoconfigure.web.servlet.MockMvcPrintOnlyOnFailureTestExecutionListener, org.springframework.boot.test.autoconfigure.web.servlet.WebDriverTestExecutionListener, org.springframework.boot.test.autoconfigure.webservices.client.MockWebServiceServerTestExecutionListener, org.springframework.boot.test.mock.mockito.MockitoTestExecutionListener, org.springframework.boot.test.mock.mockito.ResetMocksTestExecutionListener, org.springframework.test.context.web.ServletTestExecutionListener, org.springframework.test.context.support.DirtiesContextBeforeModesTestExecutionListener, org.springframework.test.context.event.ApplicationEventsTestExecutionListener, org.springframework.test.context.support.DependencyInjectionTestExecutionListener, org.springframework.test.context.support.DirtiesContextTestExecutionListener, org.springframework.test.context.transaction.TransactionalTestExecutionListener, org.springframework.test.context.jdbc.SqlScriptsTestExecutionListener, org.springframework.test.context.event.EventPublishingTestExecutionListener]
2023-01-17 21:54:32.415  INFO 73144 --- [    Test worker] .b.t.c.SpringBootTestContextBootstrapper : Using TestExecutionListeners: [org.springframework.test.context.web.ServletTestExecutionListener@6459f4ea, org.springframework.test.context.support.DirtiesContextBeforeModesTestExecutionListener@740b9a50, org.springframework.test.context.event.ApplicationEventsTestExecutionListener@476fde05, org.springframework.boot.test.mock.mockito.MockitoTestExecutionListener@5111de7c, org.springframework.boot.test.autoconfigure.SpringBootDependencyInjectionTestExecutionListener@7ac48e10, org.springframework.test.context.support.DirtiesContextTestExecutionListener@52354202, org.springframework.test.context.event.EventPublishingTestExecutionListener@6b1321b7, org.springframework.boot.test.autoconfigure.restdocs.RestDocsTestExecutionListener@342ee097, org.springframework.boot.test.autoconfigure.web.client.MockRestServiceServerResetTestExecutionListener@6ac45c0c, org.springframework.boot.test.autoconfigure.web.servlet.MockMvcPrintOnlyOnFailureTestExecutionListener@12192604, org.springframework.boot.test.autoconfigure.web.servlet.WebDriverTestExecutionListener@6075b369, org.springframework.boot.test.autoconfigure.webservices.client.MockWebServiceServerTestExecutionListener@231cdda8, org.springframework.boot.test.mock.mockito.ResetMocksTestExecutionListener@6b70d1fb]

  .   ____          _            __ _ _
 /\\ / ___'_ __ _ _(_)_ __  __ _ \ \ \ \
( ( )\___ | '_ | '_| | '_ \/ _` | \ \ \ \
 \\/  ___)| |_)| | | | | || (_| |  ) ) ) )
  '  |____| .__|_| |_|_| |_\__, | / / / /
 =========|_|==============|___/=/_/_/_/
 :: Spring Boot ::                (v2.7.7)

2023-01-17 21:54:32.435  INFO 73144 --- [    Test worker] c.h.r.api.TestControllerTest             : Starting TestControllerTest using Java 18.0.2.1 on baghyeonseoui-MacBookPro.local with PID 73144 (started by hyunseo in /Users/hyunseo/Desktop/무제 폴더 2/무제 폴더/restdocs-swagger)
2023-01-17 21:54:32.436  INFO 73144 --- [    Test worker] c.h.r.api.TestControllerTest             : No active profile set, falling back to 1 default profile: "default"
2023-01-17 21:54:32.895  INFO 73144 --- [    Test worker] c.h.r.api.TestControllerTest             : Started TestControllerTest in 0.478 seconds (JVM running for 3.508)
2023-01-17 21:54:32.936  INFO 73144 --- [    Test worker] o.s.b.t.m.w.SpringBootMockServletContext : Initializing Spring TestDispatcherServlet ''
2023-01-17 21:54:32.937  INFO 73144 --- [    Test worker] o.s.t.web.servlet.TestDispatcherServlet  : Initializing Servlet ''
2023-01-17 21:54:32.937  INFO 73144 --- [    Test worker] o.s.t.web.servlet.TestDispatcherServlet  : Completed initialization in 0 ms
]]></system-out>
  <system-err><![CDATA[]]></system-err>
</testsuite>
