<?xml version="1.0" encoding="UTF-8"?>
<testsuite name="com.hyena.resdocsswagger.ResdocsswaggerApplicationTests" tests="1" skipped="0" failures="0" errors="0" timestamp="2023-01-17T12:54:31" hostname="baghyeonseoui-MacBookPro.local" time="0.398">
  <properties/>
  <testcase name="contextLoads()" classname="com.hyena.resdocsswagger.ResdocsswaggerApplicationTests" time="0.398"/>
  <system-out><![CDATA[21:54:30.067 [Test worker] DEBUG org.springframework.test.context.BootstrapUtils - Instantiating CacheAwareContextLoaderDelegate from class [org.springframework.test.context.cache.DefaultCacheAwareContextLoaderDelegate]
21:54:30.079 [Test worker] DEBUG org.springframework.test.context.BootstrapUtils - Instantiating BootstrapContext using constructor [public org.springframework.test.context.support.DefaultBootstrapContext(java.lang.Class,org.springframework.test.context.CacheAwareContextLoaderDelegate)]
21:54:30.112 [Test worker] DEBUG org.springframework.test.context.BootstrapUtils - Instantiating TestContextBootstrapper for test class [com.hyena.resdocsswagger.ResdocsswaggerApplicationTests] from class [org.springframework.boot.test.context.SpringBootTestContextBootstrapper]
21:54:30.121 [Test worker] INFO org.springframework.boot.test.context.SpringBootTestContextBootstrapper - Neither @ContextConfiguration nor @ContextHierarchy found for test class [com.hyena.resdocsswagger.ResdocsswaggerApplicationTests], using SpringBootContextLoader
21:54:30.125 [Test worker] DEBUG org.springframework.test.context.support.AbstractContextLoader - Did not detect default resource location for test class [com.hyena.resdocsswagger.ResdocsswaggerApplicationTests]: class path resource [com/hyena/resdocsswagger/ResdocsswaggerApplicationTests-context.xml] does not exist
21:54:30.125 [Test worker] DEBUG org.springframework.test.context.support.AbstractContextLoader - Did not detect default resource location for test class [com.hyena.resdocsswagger.ResdocsswaggerApplicationTests]: class path resource [com/hyena/resdocsswagger/ResdocsswaggerApplicationTestsContext.groovy] does not exist
21:54:30.125 [Test worker] INFO org.springframework.test.context.support.AbstractContextLoader - Could not detect default resource locations for test class [com.hyena.resdocsswagger.ResdocsswaggerApplicationTests]: no resource found for suffixes {-context.xml, Context.groovy}.
21:54:30.126 [Test worker] INFO org.springframework.test.context.support.AnnotationConfigContextLoaderUtils - Could not detect default configuration classes for test class [com.hyena.resdocsswagger.ResdocsswaggerApplicationTests]: ResdocsswaggerApplicationTests does not declare any static, non-private, non-final, nested classes annotated with @Configuration.
21:54:30.166 [Test worker] DEBUG org.springframework.test.context.support.ActiveProfilesUtils - Could not find an 'annotation declaring class' for annotation type [org.springframework.test.context.ActiveProfiles] and class [com.hyena.resdocsswagger.ResdocsswaggerApplicationTests]
21:54:30.223 [Test worker] DEBUG org.springframework.context.annotation.ClassPathScanningCandidateComponentProvider - Identified candidate component class: file [/Users/hyunseo/Desktop/무제 폴더 2/무제 폴더/restdocs-swagger/build/classes/java/main/com/hyena/resdocsswagger/ResdocsswaggerApplication.class]
21:54:30.224 [Test worker] INFO org.springframework.boot.test.context.SpringBootTestContextBootstrapper - Found @SpringBootConfiguration com.hyena.resdocsswagger.ResdocsswaggerApplication for test class com.hyena.resdocsswagger.ResdocsswaggerApplicationTests
21:54:30.309 [Test worker] DEBUG org.springframework.boot.test.context.SpringBootTestContextBootstrapper - @TestExecutionListeners is not present for class [com.hyena.resdocsswagger.ResdocsswaggerApplicationTests]: using defaults.
21:54:30.310 [Test worker] INFO org.springframework.boot.test.context.SpringBootTestContextBootstrapper - Loaded default TestExecutionListener class names from location [META-INF/spring.factories]: [org.springframework.boot.test.autoconfigure.restdocs.RestDocsTestExecutionListener, org.springframework.boot.test.autoconfigure.web.client.MockRestServiceServerResetTestExecutionListener, org.springframework.boot.test.autoconfigure.web.servlet.MockMvcPrintOnlyOnFailureTestExecutionListener, org.springframework.boot.test.autoconfigure.web.servlet.WebDriverTestExecutionListener, org.springframework.boot.test.autoconfigure.webservices.client.MockWebServiceServerTestExecutionListener, org.springframework.boot.test.mock.mockito.MockitoTestExecutionListener, org.springframework.boot.test.mock.mockito.ResetMocksTestExecutionListener, org.springframework.test.context.web.ServletTestExecutionListener, org.springframework.test.context.support.DirtiesContextBeforeModesTestExecutionListener, org.springframework.test.context.event.ApplicationEventsTestExecutionListener, org.springframework.test.context.support.DependencyInjectionTestExecutionListener, org.springframework.test.context.support.DirtiesContextTestExecutionListener, org.springframework.test.context.transaction.TransactionalTestExecutionListener, org.springframework.test.context.jdbc.SqlScriptsTestExecutionListener, org.springframework.test.context.event.EventPublishingTestExecutionListener]
21:54:30.321 [Test worker] DEBUG org.springframework.boot.test.context.SpringBootTestContextBootstrapper - Skipping candidate TestExecutionListener [org.springframework.test.context.transaction.TransactionalTestExecutionListener] due to a missing dependency. Specify custom listener classes or make the default listener classes and their required dependencies available. Offending class: [org/springframework/transaction/interceptor/TransactionAttributeSource]
21:54:30.321 [Test worker] DEBUG org.springframework.boot.test.context.SpringBootTestContextBootstrapper - Skipping candidate TestExecutionListener [org.springframework.test.context.jdbc.SqlScriptsTestExecutionListener] due to a missing dependency. Specify custom listener classes or make the default listener classes and their required dependencies available. Offending class: [org/springframework/transaction/interceptor/TransactionAttribute]
21:54:30.321 [Test worker] INFO org.springframework.boot.test.context.SpringBootTestContextBootstrapper - Using TestExecutionListeners: [org.springframework.test.context.web.ServletTestExecutionListener@531c311e, org.springframework.test.context.support.DirtiesContextBeforeModesTestExecutionListener@22b53226, org.springframework.test.context.event.ApplicationEventsTestExecutionListener@1fcb4808, org.springframework.boot.test.mock.mockito.MockitoTestExecutionListener@726e5805, org.springframework.boot.test.autoconfigure.SpringBootDependencyInjectionTestExecutionListener@40c80397, org.springframework.test.context.support.DirtiesContextTestExecutionListener@4b672daa, org.springframework.test.context.event.EventPublishingTestExecutionListener@ea9b7c6, org.springframework.boot.test.autoconfigure.restdocs.RestDocsTestExecutionListener@e077866, org.springframework.boot.test.autoconfigure.web.client.MockRestServiceServerResetTestExecutionListener@ed3068a, org.springframework.boot.test.autoconfigure.web.servlet.MockMvcPrintOnlyOnFailureTestExecutionListener@7c2b6087, org.springframework.boot.test.autoconfigure.web.servlet.WebDriverTestExecutionListener@3fffff43, org.springframework.boot.test.autoconfigure.webservices.client.MockWebServiceServerTestExecutionListener@a8e6492, org.springframework.boot.test.mock.mockito.ResetMocksTestExecutionListener@1c7fd41f]
21:54:30.324 [Test worker] DEBUG org.springframework.test.context.support.AbstractDirtiesContextTestExecutionListener - Before test class: context [DefaultTestContext@1080b026 testClass = ResdocsswaggerApplicationTests, testInstance = [null], testMethod = [null], testException = [null], mergedContextConfiguration = [WebMergedContextConfiguration@58ebfd03 testClass = ResdocsswaggerApplicationTests, locations = '{}', classes = '{class com.hyena.resdocsswagger.ResdocsswaggerApplication}', contextInitializerClasses = '[]', activeProfiles = '{}', propertySourceLocations = '{}', propertySourceProperties = '{org.springframework.boot.test.context.SpringBootTestContextBootstrapper=true}', contextCustomizers = set[org.springframework.boot.test.autoconfigure.actuate.metrics.MetricsExportContextCustomizerFactory$DisableMetricExportContextCustomizer@345f69f3, org.springframework.boot.test.autoconfigure.properties.PropertyMappingContextCustomizer@0, org.springframework.boot.test.autoconfigure.web.servlet.WebDriverContextCustomizerFactory$Customizer@413f69cc, org.springframework.boot.test.context.filter.ExcludeFilterContextCustomizer@1984b1f, org.springframework.boot.test.json.DuplicateJsonObjectContextCustomizerFactory$DuplicateJsonObjectContextCustomizer@6d167f58, org.springframework.boot.test.mock.mockito.MockitoContextCustomizer@0, org.springframework.boot.test.web.client.TestRestTemplateContextCustomizer@172b013, org.springframework.boot.test.context.SpringBootTestArgs@1, org.springframework.boot.test.context.SpringBootTestWebEnvironment@79d8407f], resourceBasePath = 'src/main/webapp', contextLoader = 'org.springframework.boot.test.context.SpringBootContextLoader', parent = [null]], attributes = map['org.springframework.test.context.web.ServletTestExecutionListener.activateListener' -> true]], class annotated with @DirtiesContext [false] with mode [null].

  .   ____          _            __ _ _
 /\\ / ___'_ __ _ _(_)_ __  __ _ \ \ \ \
( ( )\___ | '_ | '_| | '_ \/ _` | \ \ \ \
 \\/  ___)| |_)| | | | | || (_| |  ) ) ) )
  '  |____| .__|_| |_|_| |_\__, | / / / /
 =========|_|==============|___/=/_/_/_/
 :: Spring Boot ::                (v2.7.7)

2023-01-17 21:54:30.590  INFO 73144 --- [    Test worker] c.h.r.ResdocsswaggerApplicationTests     : Starting ResdocsswaggerApplicationTests using Java 18.0.2.1 on baghyeonseoui-MacBookPro.local with PID 73144 (started by hyunseo in /Users/hyunseo/Desktop/무제 폴더 2/무제 폴더/restdocs-swagger)
2023-01-17 21:54:30.591  INFO 73144 --- [    Test worker] c.h.r.ResdocsswaggerApplicationTests     : No active profile set, falling back to 1 default profile: "default"
2023-01-17 21:54:31.981  INFO 73144 --- [    Test worker] c.h.r.ResdocsswaggerApplicationTests     : Started ResdocsswaggerApplicationTests in 1.622 seconds (JVM running for 2.594)
]]></system-out>
  <system-err><![CDATA[]]></system-err>
</testsuite>
